This file contains any messages produced by compilers while
running configure, to aid debugging if configure makes a mistake.

It was created by mastik configure 0.1, which was
generated by GNU Autoconf 2.69.  Invocation command line was

  $ ./configure 

## --------- ##
## Platform. ##
## --------- ##

hostname = wrath
uname -m = x86_64
uname -r = 5.4.0-132-generic
uname -s = Linux
uname -v = #148-Ubuntu SMP Mon Oct 17 16:02:06 UTC 2022

/usr/bin/uname -p = unknown
/bin/uname -X     = unknown

/bin/arch              = unknown
/usr/bin/arch -k       = unknown
/usr/convex/getsysinfo = unknown
/usr/bin/hostinfo      = unknown
/bin/machine           = unknown
/usr/bin/oslevel       = unknown
/bin/universe          = unknown

PATH: /usr/local/sbin
PATH: /usr/local/bin
PATH: /usr/sbin
PATH: /usr/bin
PATH: /sbin
PATH: /bin
PATH: /usr/games
PATH: /usr/local/games
PATH: /snap/bin


## ----------- ##
## Core tests. ##
## ----------- ##

configure:2345: checking for gcc
configure:2361: found /usr/bin/gcc
configure:2372: result: gcc
configure:2601: checking for C compiler version
configure:2610: gcc --version >&5
gcc (Ubuntu 9.4.0-1ubuntu1~20.04.2) 9.4.0
Copyright (C) 2019 Free Software Foundation, Inc.
This is free software; see the source for copying conditions.  There is NO
warranty; not even for MERCHANTABILITY or FITNESS FOR A PARTICULAR PURPOSE.

configure:2621: $? = 0
configure:2610: gcc -v >&5
Using built-in specs.
COLLECT_GCC=gcc
COLLECT_LTO_WRAPPER=/usr/lib/gcc/x86_64-linux-gnu/9/lto-wrapper
OFFLOAD_TARGET_NAMES=nvptx-none:hsa
OFFLOAD_TARGET_DEFAULT=1
Target: x86_64-linux-gnu
Configured with: ../src/configure -v --with-pkgversion='Ubuntu 9.4.0-1ubuntu1~20.04.2' --with-bugurl=file:///usr/share/doc/gcc-9/README.Bugs --enable-languages=c,ada,c++,go,brig,d,fortran,objc,obj-c++,gm2 --prefix=/usr --with-gcc-major-version-only --program-suffix=-9 --program-prefix=x86_64-linux-gnu- --enable-shared --enable-linker-build-id --libexecdir=/usr/lib --without-included-gettext --enable-threads=posix --libdir=/usr/lib --enable-nls --enable-clocale=gnu --enable-libstdcxx-debug --enable-libstdcxx-time=yes --with-default-libstdcxx-abi=new --enable-gnu-unique-object --disable-vtable-verify --enable-plugin --enable-default-pie --with-system-zlib --with-target-system-zlib=auto --enable-objc-gc=auto --enable-multiarch --disable-werror --with-arch-32=i686 --with-abi=m64 --with-multilib-list=m32,m64,mx32 --enable-multilib --with-tune=generic --enable-offload-targets=nvptx-none=/build/gcc-9-9QDOt0/gcc-9-9.4.0/debian/tmp-nvptx/usr,hsa --without-cuda-driver --enable-checking=release --build=x86_64-linux-gnu --host=x86_64-linux-gnu --target=x86_64-linux-gnu
Thread model: posix
gcc version 9.4.0 (Ubuntu 9.4.0-1ubuntu1~20.04.2) 
configure:2621: $? = 0
configure:2610: gcc -V >&5
gcc: error: unrecognized command line option '-V'
gcc: fatal error: no input files
compilation terminated.
configure:2621: $? = 1
configure:2610: gcc -qversion >&5
gcc: error: unrecognized command line option '-qversion'; did you mean '--version'?
gcc: fatal error: no input files
compilation terminated.
configure:2621: $? = 1
configure:2641: checking whether the C compiler works
configure:2663: gcc    conftest.c  >&5
configure:2667: $? = 0
configure:2715: result: yes
configure:2718: checking for C compiler default output file name
configure:2720: result: a.out
configure:2726: checking for suffix of executables
configure:2733: gcc -o conftest    conftest.c  >&5
configure:2737: $? = 0
configure:2759: result: 
configure:2781: checking whether we are cross compiling
configure:2789: gcc -o conftest    conftest.c  >&5
configure:2793: $? = 0
configure:2800: ./conftest
configure:2804: $? = 0
configure:2792: result: no
configure:2797: checking for suffix of object files
configure:2819: gcc -c   conftest.c >&5
configure:2823: $? = 0
configure:2844: result: o
configure:2848: checking whether we are using the GNU C compiler
configure:2867: gcc -c   conftest.c >&5
configure:2867: $? = 0
configure:2876: result: yes
configure:2885: checking whether gcc accepts -g
configure:2905: gcc -c -g  conftest.c >&5
configure:2905: $? = 0
configure:2946: result: yes
configure:2963: checking for gcc option to accept ISO C89
configure:3026: gcc  -c -g -O2  conftest.c >&5
configure:3026: $? = 0
configure:3039: result: none needed
configure:3060: checking for gcc option to accept ISO C99
configure:3209: gcc  -c -g -O2  conftest.c >&5
configure:3209: $? = 0
configure:3222: result: none needed
configure:3268: checking how to run the C preprocessor
configure:3299: gcc -E  conftest.c
configure:3299: $? = 0
configure:3313: gcc -E  conftest.c
conftest.c:9:10: fatal error: ac_nonexistent.h: No such file or directory
    9 | #include <ac_nonexistent.h>
      |          ^~~~~~~~~~~~~~~~~~
compilation terminated.
configure:3313: $? = 1
configure: failed program was:
| /* confdefs.h */
| #define PACKAGE_NAME "mastik"
| #define PACKAGE_TARNAME "mastik"
| #define PACKAGE_VERSION "0.1"
| #define PACKAGE_STRING "mastik 0.1"
| #define PACKAGE_BUGREPORT "yval@cs.adelaide.edu.au"
| #define PACKAGE_URL ""
| /* end confdefs.h.  */
| #include <ac_nonexistent.h>
configure:3338: result: gcc -E
configure:3358: gcc -E  conftest.c
configure:3358: $? = 0
configure:3372: gcc -E  conftest.c
conftest.c:9:10: fatal error: ac_nonexistent.h: No such file or directory
    9 | #include <ac_nonexistent.h>
      |          ^~~~~~~~~~~~~~~~~~
compilation terminated.
configure:3372: $? = 1
configure: failed program was:
| /* confdefs.h */
| #define PACKAGE_NAME "mastik"
| #define PACKAGE_TARNAME "mastik"
| #define PACKAGE_VERSION "0.1"
| #define PACKAGE_STRING "mastik 0.1"
| #define PACKAGE_BUGREPORT "yval@cs.adelaide.edu.au"
| #define PACKAGE_URL ""
| /* end confdefs.h.  */
| #include <ac_nonexistent.h>
configure:3401: checking for grep that handles long lines and -e
configure:3459: result: /bin/grep
configure:3464: checking for egrep
configure:3526: result: /bin/grep -E
configure:3531: checking for ANSI C header files
configure:3551: gcc -c -g -O2  conftest.c >&5
configure:3551: $? = 0
configure:3624: gcc -o conftest -g -O2   conftest.c  >&5
configure:3624: $? = 0
configure:3624: ./conftest
configure:3624: $? = 0
configure:3635: result: yes
configure:3648: checking for sys/types.h
configure:3648: gcc -c -g -O2  conftest.c >&5
configure:3648: $? = 0
configure:3648: result: yes
configure:3648: checking for sys/stat.h
configure:3648: gcc -c -g -O2  conftest.c >&5
configure:3648: $? = 0
configure:3648: result: yes
configure:3648: checking for stdlib.h
configure:3648: gcc -c -g -O2  conftest.c >&5
configure:3648: $? = 0
configure:3648: result: yes
configure:3648: checking for string.h
configure:3648: gcc -c -g -O2  conftest.c >&5
configure:3648: $? = 0
configure:3648: result: yes
configure:3648: checking for memory.h
configure:3648: gcc -c -g -O2  conftest.c >&5
configure:3648: $? = 0
configure:3648: result: yes
configure:3648: checking for strings.h
configure:3648: gcc -c -g -O2  conftest.c >&5
configure:3648: $? = 0
configure:3648: result: yes
configure:3648: checking for inttypes.h
configure:3648: gcc -c -g -O2  conftest.c >&5
configure:3648: $? = 0
configure:3648: result: yes
configure:3648: checking for stdint.h
configure:3648: gcc -c -g -O2  conftest.c >&5
configure:3648: $? = 0
configure:3648: result: yes
configure:3648: checking for unistd.h
configure:3648: gcc -c -g -O2  conftest.c >&5
configure:3648: $? = 0
configure:3648: result: yes
configure:3663: checking fcntl.h usability
configure:3663: gcc -c -g -O2  conftest.c >&5
configure:3663: $? = 0
configure:3663: result: yes
configure:3663: checking fcntl.h presence
configure:3663: gcc -E  conftest.c
configure:3663: $? = 0
configure:3663: result: yes
configure:3663: checking for fcntl.h
configure:3663: result: yes
configure:3663: checking for stdint.h
configure:3663: result: yes
configure:3663: checking for stdlib.h
configure:3663: result: yes
configure:3663: checking for string.h
configure:3663: result: yes
configure:3663: checking for strings.h
configure:3663: result: yes
configure:3663: checking for unistd.h
configure:3663: result: yes
configure:3663: checking sched.h usability
configure:3663: gcc -c -g -O2  conftest.c >&5
configure:3663: $? = 0
configure:3663: result: yes
configure:3663: checking sched.h presence
configure:3663: gcc -E  conftest.c
configure:3663: $? = 0
configure:3663: result: yes
configure:3663: checking for sched.h
configure:3663: result: yes
configure:3663: checking sys/prctl.h usability
configure:3663: gcc -c -g -O2  conftest.c >&5
configure:3663: $? = 0
configure:3663: result: yes
configure:3663: checking sys/prctl.h presence
configure:3663: gcc -E  conftest.c
configure:3663: $? = 0
configure:3663: result: yes
configure:3663: checking for sys/prctl.h
configure:3663: result: yes
configure:3676: checking for uname
configure:3694: found /bin/uname
configure:3706: result: /bin/uname
configure:3718: checking for python3
configure:3734: found /usr/bin/python3
configure:3745: result: python3
configure:3758: checking for python3
configure:3776: found /usr/bin/python3
configure:3788: result: /usr/bin/python3
configure:3807: checking mach-o/loader.h usability
configure:3807: gcc -c -g -O2  conftest.c >&5
conftest.c:60:10: fatal error: mach-o/loader.h: No such file or directory
   60 | #include <mach-o/loader.h>
      |          ^~~~~~~~~~~~~~~~~
compilation terminated.
configure:3807: $? = 1
configure: failed program was:
| /* confdefs.h */
| #define PACKAGE_NAME "mastik"
| #define PACKAGE_TARNAME "mastik"
| #define PACKAGE_VERSION "0.1"
| #define PACKAGE_STRING "mastik 0.1"
| #define PACKAGE_BUGREPORT "yval@cs.adelaide.edu.au"
| #define PACKAGE_URL ""
| #define STDC_HEADERS 1
| #define HAVE_SYS_TYPES_H 1
| #define HAVE_SYS_STAT_H 1
| #define HAVE_STDLIB_H 1
| #define HAVE_STRING_H 1
| #define HAVE_MEMORY_H 1
| #define HAVE_STRINGS_H 1
| #define HAVE_INTTYPES_H 1
| #define HAVE_STDINT_H 1
| #define HAVE_UNISTD_H 1
| #define HAVE_FCNTL_H 1
| #define HAVE_STDINT_H 1
| #define HAVE_STDLIB_H 1
| #define HAVE_STRING_H 1
| #define HAVE_STRINGS_H 1
| #define HAVE_UNISTD_H 1
| #define HAVE_SCHED_H 1
| #define HAVE_SYS_PRCTL_H 1
| /* end confdefs.h.  */
| #include <stdio.h>
| #ifdef HAVE_SYS_TYPES_H
| # include <sys/types.h>
| #endif
| #ifdef HAVE_SYS_STAT_H
| # include <sys/stat.h>
| #endif
| #ifdef STDC_HEADERS
| # include <stdlib.h>
| # include <stddef.h>
| #else
| # ifdef HAVE_STDLIB_H
| #  include <stdlib.h>
| # endif
| #endif
| #ifdef HAVE_STRING_H
| # if !defined STDC_HEADERS && defined HAVE_MEMORY_H
| #  include <memory.h>
| # endif
| # include <string.h>
| #endif
| #ifdef HAVE_STRINGS_H
| # include <strings.h>
| #endif
| #ifdef HAVE_INTTYPES_H
| # include <inttypes.h>
| #endif
| #ifdef HAVE_STDINT_H
| # include <stdint.h>
| #endif
| #ifdef HAVE_UNISTD_H
| # include <unistd.h>
| #endif
| #include <mach-o/loader.h>
configure:3807: result: no
configure:3807: checking mach-o/loader.h presence
configure:3807: gcc -E  conftest.c
conftest.c:27:10: fatal error: mach-o/loader.h: No such file or directory
   27 | #include <mach-o/loader.h>
      |          ^~~~~~~~~~~~~~~~~
compilation terminated.
configure:3807: $? = 1
configure: failed program was:
| /* confdefs.h */
| #define PACKAGE_NAME "mastik"
| #define PACKAGE_TARNAME "mastik"
| #define PACKAGE_VERSION "0.1"
| #define PACKAGE_STRING "mastik 0.1"
| #define PACKAGE_BUGREPORT "yval@cs.adelaide.edu.au"
| #define PACKAGE_URL ""
| #define STDC_HEADERS 1
| #define HAVE_SYS_TYPES_H 1
| #define HAVE_SYS_STAT_H 1
| #define HAVE_STDLIB_H 1
| #define HAVE_STRING_H 1
| #define HAVE_MEMORY_H 1
| #define HAVE_STRINGS_H 1
| #define HAVE_INTTYPES_H 1
| #define HAVE_STDINT_H 1
| #define HAVE_UNISTD_H 1
| #define HAVE_FCNTL_H 1
| #define HAVE_STDINT_H 1
| #define HAVE_STDLIB_H 1
| #define HAVE_STRING_H 1
| #define HAVE_STRINGS_H 1
| #define HAVE_UNISTD_H 1
| #define HAVE_SCHED_H 1
| #define HAVE_SYS_PRCTL_H 1
| /* end confdefs.h.  */
| #include <mach-o/loader.h>
configure:3807: result: no
configure:3807: checking for mach-o/loader.h
configure:3807: result: no
configure:3825: checking bfd.h usability
configure:3825: gcc -c -g -O2  conftest.c >&5
configure:3825: $? = 0
configure:3825: result: yes
configure:3825: checking bfd.h presence
configure:3825: gcc -E  conftest.c
configure:3825: $? = 0
configure:3825: result: yes
configure:3825: checking for bfd.h
configure:3825: result: yes
configure:3837: checking for bfd_init in -lbfd
configure:3862: gcc -o conftest -g -O2   conftest.c -lbfd   >&5
configure:3862: $? = 0
configure:3871: result: yes
configure:3884: checking for elf_version in -lelf
configure:3909: gcc -o conftest -g -O2   conftest.c -lelf  -lbfd  >&5
configure:3909: $? = 0
configure:3918: result: yes
configure:3949: gcc -c -g -O2  conftest.c >&5
conftest.c: In function 'main':
conftest.c:35:17: warning: passing argument 1 of 'bfd_section_vma' from incompatible pointer type [-Wincompatible-pointer-types]
   35 | bfd_section_vma((bfd*)0,(asection*)0);
      |                 ^~~~~~~
      |                 |
      |                 bfd * {aka struct bfd *}
In file included from conftest.c:31:
/usr/include/bfd.h:1212:34: note: expected 'const asection *' {aka 'const struct bfd_section *'} but argument is of type 'bfd *' {aka 'struct bfd *'}
 1212 | bfd_section_vma (const asection *sec)
      |                  ~~~~~~~~~~~~~~~~^~~
conftest.c:35:1: error: too many arguments to function 'bfd_section_vma'
   35 | bfd_section_vma((bfd*)0,(asection*)0);
      | ^~~~~~~~~~~~~~~
In file included from conftest.c:31:
/usr/include/bfd.h:1212:1: note: declared here
 1212 | bfd_section_vma (const asection *sec)
      | ^~~~~~~~~~~~~~~
configure:3949: $? = 1
configure: failed program was:
| /* confdefs.h */
| #define PACKAGE_NAME "mastik"
| #define PACKAGE_TARNAME "mastik"
| #define PACKAGE_VERSION "0.1"
| #define PACKAGE_STRING "mastik 0.1"
| #define PACKAGE_BUGREPORT "yval@cs.adelaide.edu.au"
| #define PACKAGE_URL ""
| #define STDC_HEADERS 1
| #define HAVE_SYS_TYPES_H 1
| #define HAVE_SYS_STAT_H 1
| #define HAVE_STDLIB_H 1
| #define HAVE_STRING_H 1
| #define HAVE_MEMORY_H 1
| #define HAVE_STRINGS_H 1
| #define HAVE_INTTYPES_H 1
| #define HAVE_STDINT_H 1
| #define HAVE_UNISTD_H 1
| #define HAVE_FCNTL_H 1
| #define HAVE_STDINT_H 1
| #define HAVE_STDLIB_H 1
| #define HAVE_STRING_H 1
| #define HAVE_STRINGS_H 1
| #define HAVE_UNISTD_H 1
| #define HAVE_SCHED_H 1
| #define HAVE_SYS_PRCTL_H 1
| #define HAVE_BFD_H 1
| #define HAVE_LIBBFD 1
| #define HAVE_LIBELF 1
| #define HAVE_SYMBOLS 1
| /* end confdefs.h.  */
| #include <bfd.h>
| int
| main ()
| {
| bfd_section_vma((bfd*)0,(asection*)0);
|   ;
|   return 0;
| }
configure:3958: checking for dwarf_init in -ldwarf
configure:3983: gcc -o conftest -g -O2   conftest.c -ldwarf  -lelf -lbfd  >&5
configure:3983: $? = 0
configure:3992: result: yes
configure:4008: checking libdwarf.h usability
configure:4008: gcc -c -g -O2  conftest.c >&5
conftest.c:65:10: fatal error: libdwarf.h: No such file or directory
   65 | #include <libdwarf.h>
      |          ^~~~~~~~~~~~
compilation terminated.
configure:4008: $? = 1
configure: failed program was:
| /* confdefs.h */
| #define PACKAGE_NAME "mastik"
| #define PACKAGE_TARNAME "mastik"
| #define PACKAGE_VERSION "0.1"
| #define PACKAGE_STRING "mastik 0.1"
| #define PACKAGE_BUGREPORT "yval@cs.adelaide.edu.au"
| #define PACKAGE_URL ""
| #define STDC_HEADERS 1
| #define HAVE_SYS_TYPES_H 1
| #define HAVE_SYS_STAT_H 1
| #define HAVE_STDLIB_H 1
| #define HAVE_STRING_H 1
| #define HAVE_MEMORY_H 1
| #define HAVE_STRINGS_H 1
| #define HAVE_INTTYPES_H 1
| #define HAVE_STDINT_H 1
| #define HAVE_UNISTD_H 1
| #define HAVE_FCNTL_H 1
| #define HAVE_STDINT_H 1
| #define HAVE_STDLIB_H 1
| #define HAVE_STRING_H 1
| #define HAVE_STRINGS_H 1
| #define HAVE_UNISTD_H 1
| #define HAVE_SCHED_H 1
| #define HAVE_SYS_PRCTL_H 1
| #define HAVE_BFD_H 1
| #define HAVE_LIBBFD 1
| #define HAVE_LIBELF 1
| #define HAVE_SYMBOLS 1
| #define HAVE_LIBDWARF 1
| /* end confdefs.h.  */
| #include <stdio.h>
| #ifdef HAVE_SYS_TYPES_H
| # include <sys/types.h>
| #endif
| #ifdef HAVE_SYS_STAT_H
| # include <sys/stat.h>
| #endif
| #ifdef STDC_HEADERS
| # include <stdlib.h>
| # include <stddef.h>
| #else
| # ifdef HAVE_STDLIB_H
| #  include <stdlib.h>
| # endif
| #endif
| #ifdef HAVE_STRING_H
| # if !defined STDC_HEADERS && defined HAVE_MEMORY_H
| #  include <memory.h>
| # endif
| # include <string.h>
| #endif
| #ifdef HAVE_STRINGS_H
| # include <strings.h>
| #endif
| #ifdef HAVE_INTTYPES_H
| # include <inttypes.h>
| #endif
| #ifdef HAVE_STDINT_H
| # include <stdint.h>
| #endif
| #ifdef HAVE_UNISTD_H
| # include <unistd.h>
| #endif
| #include <libdwarf.h>
configure:4008: result: no
configure:4008: checking libdwarf.h presence
configure:4008: gcc -E  conftest.c
conftest.c:32:10: fatal error: libdwarf.h: No such file or directory
   32 | #include <libdwarf.h>
      |          ^~~~~~~~~~~~
compilation terminated.
configure:4008: $? = 1
configure: failed program was:
| /* confdefs.h */
| #define PACKAGE_NAME "mastik"
| #define PACKAGE_TARNAME "mastik"
| #define PACKAGE_VERSION "0.1"
| #define PACKAGE_STRING "mastik 0.1"
| #define PACKAGE_BUGREPORT "yval@cs.adelaide.edu.au"
| #define PACKAGE_URL ""
| #define STDC_HEADERS 1
| #define HAVE_SYS_TYPES_H 1
| #define HAVE_SYS_STAT_H 1
| #define HAVE_STDLIB_H 1
| #define HAVE_STRING_H 1
| #define HAVE_MEMORY_H 1
| #define HAVE_STRINGS_H 1
| #define HAVE_INTTYPES_H 1
| #define HAVE_STDINT_H 1
| #define HAVE_UNISTD_H 1
| #define HAVE_FCNTL_H 1
| #define HAVE_STDINT_H 1
| #define HAVE_STDLIB_H 1
| #define HAVE_STRING_H 1
| #define HAVE_STRINGS_H 1
| #define HAVE_UNISTD_H 1
| #define HAVE_SCHED_H 1
| #define HAVE_SYS_PRCTL_H 1
| #define HAVE_BFD_H 1
| #define HAVE_LIBBFD 1
| #define HAVE_LIBELF 1
| #define HAVE_SYMBOLS 1
| #define HAVE_LIBDWARF 1
| /* end confdefs.h.  */
| #include <libdwarf.h>
configure:4008: result: no
configure:4008: checking for libdwarf.h
configure:4008: result: no
configure:4008: checking libdwarf/libdwarf.h usability
configure:4008: gcc -c -g -O2  conftest.c >&5
configure:4008: $? = 0
configure:4008: result: yes
configure:4008: checking libdwarf/libdwarf.h presence
configure:4008: gcc -E  conftest.c
configure:4008: $? = 0
configure:4008: result: yes
configure:4008: checking for libdwarf/libdwarf.h
configure:4008: result: yes
configure:4065: WARNING: Doubloon needs these missing modules:  wx matplotlib tqdm
configure:4080: checking for inline
configure:4096: gcc -c -g -O2  conftest.c >&5
configure:4096: $? = 0
configure:4104: result: inline
configure:4122: checking for int16_t
configure:4122: gcc -c -g -O2  conftest.c >&5
configure:4122: $? = 0
configure:4122: gcc -c -g -O2  conftest.c >&5
conftest.c: In function 'main':
conftest.c:72:12: error: size of array 'test_array' is negative
   72 | static int test_array [1 - 2 * !((int16_t) (((((int16_t) 1 << N) << N) - 1) * 2 + 1)
      |            ^~~~~~~~~~
configure:4122: $? = 1
configure: failed program was:
| /* confdefs.h */
| #define PACKAGE_NAME "mastik"
| #define PACKAGE_TARNAME "mastik"
| #define PACKAGE_VERSION "0.1"
| #define PACKAGE_STRING "mastik 0.1"
| #define PACKAGE_BUGREPORT "yval@cs.adelaide.edu.au"
| #define PACKAGE_URL ""
| #define STDC_HEADERS 1
| #define HAVE_SYS_TYPES_H 1
| #define HAVE_SYS_STAT_H 1
| #define HAVE_STDLIB_H 1
| #define HAVE_STRING_H 1
| #define HAVE_MEMORY_H 1
| #define HAVE_STRINGS_H 1
| #define HAVE_INTTYPES_H 1
| #define HAVE_STDINT_H 1
| #define HAVE_UNISTD_H 1
| #define HAVE_FCNTL_H 1
| #define HAVE_STDINT_H 1
| #define HAVE_STDLIB_H 1
| #define HAVE_STRING_H 1
| #define HAVE_STRINGS_H 1
| #define HAVE_UNISTD_H 1
| #define HAVE_SCHED_H 1
| #define HAVE_SYS_PRCTL_H 1
| #define HAVE_BFD_H 1
| #define HAVE_LIBBFD 1
| #define HAVE_LIBELF 1
| #define HAVE_SYMBOLS 1
| #define HAVE_LIBDWARF 1
| #define HAVE_LIBDWARF_LIBDWARF_H 1
| #define HAVE_DEBUG_SYMBOLS 1
| #define HAVE_DWARF 1
| /* end confdefs.h.  */
| #include <stdio.h>
| #ifdef HAVE_SYS_TYPES_H
| # include <sys/types.h>
| #endif
| #ifdef HAVE_SYS_STAT_H
| # include <sys/stat.h>
| #endif
| #ifdef STDC_HEADERS
| # include <stdlib.h>
| # include <stddef.h>
| #else
| # ifdef HAVE_STDLIB_H
| #  include <stdlib.h>
| # endif
| #endif
| #ifdef HAVE_STRING_H
| # if !defined STDC_HEADERS && defined HAVE_MEMORY_H
| #  include <memory.h>
| # endif
| # include <string.h>
| #endif
| #ifdef HAVE_STRINGS_H
| # include <strings.h>
| #endif
| #ifdef HAVE_INTTYPES_H
| # include <inttypes.h>
| #endif
| #ifdef HAVE_STDINT_H
| # include <stdint.h>
| #endif
| #ifdef HAVE_UNISTD_H
| # include <unistd.h>
| #endif
| 	        enum { N = 16 / 2 - 1 };
| int
| main ()
| {
| static int test_array [1 - 2 * !((int16_t) (((((int16_t) 1 << N) << N) - 1) * 2 + 1)
| 		 < (int16_t) (((((int16_t) 1 << N) << N) - 1) * 2 + 2))];
| test_array [0] = 0;
| return test_array [0];
| 
|   ;
|   return 0;
| }
configure:4122: result: yes
configure:4133: checking for pid_t
configure:4133: gcc -c -g -O2  conftest.c >&5
configure:4133: $? = 0
configure:4133: gcc -c -g -O2  conftest.c >&5
conftest.c: In function 'main':
conftest.c:71:20: error: expected expression before ')' token
   71 | if (sizeof ((pid_t)))
      |                    ^
configure:4133: $? = 1
configure: failed program was:
| /* confdefs.h */
| #define PACKAGE_NAME "mastik"
| #define PACKAGE_TARNAME "mastik"
| #define PACKAGE_VERSION "0.1"
| #define PACKAGE_STRING "mastik 0.1"
| #define PACKAGE_BUGREPORT "yval@cs.adelaide.edu.au"
| #define PACKAGE_URL ""
| #define STDC_HEADERS 1
| #define HAVE_SYS_TYPES_H 1
| #define HAVE_SYS_STAT_H 1
| #define HAVE_STDLIB_H 1
| #define HAVE_STRING_H 1
| #define HAVE_MEMORY_H 1
| #define HAVE_STRINGS_H 1
| #define HAVE_INTTYPES_H 1
| #define HAVE_STDINT_H 1
| #define HAVE_UNISTD_H 1
| #define HAVE_FCNTL_H 1
| #define HAVE_STDINT_H 1
| #define HAVE_STDLIB_H 1
| #define HAVE_STRING_H 1
| #define HAVE_STRINGS_H 1
| #define HAVE_UNISTD_H 1
| #define HAVE_SCHED_H 1
| #define HAVE_SYS_PRCTL_H 1
| #define HAVE_BFD_H 1
| #define HAVE_LIBBFD 1
| #define HAVE_LIBELF 1
| #define HAVE_SYMBOLS 1
| #define HAVE_LIBDWARF 1
| #define HAVE_LIBDWARF_LIBDWARF_H 1
| #define HAVE_DEBUG_SYMBOLS 1
| #define HAVE_DWARF 1
| /* end confdefs.h.  */
| #include <stdio.h>
| #ifdef HAVE_SYS_TYPES_H
| # include <sys/types.h>
| #endif
| #ifdef HAVE_SYS_STAT_H
| # include <sys/stat.h>
| #endif
| #ifdef STDC_HEADERS
| # include <stdlib.h>
| # include <stddef.h>
| #else
| # ifdef HAVE_STDLIB_H
| #  include <stdlib.h>
| # endif
| #endif
| #ifdef HAVE_STRING_H
| # if !defined STDC_HEADERS && defined HAVE_MEMORY_H
| #  include <memory.h>
| # endif
| # include <string.h>
| #endif
| #ifdef HAVE_STRINGS_H
| # include <strings.h>
| #endif
| #ifdef HAVE_INTTYPES_H
| # include <inttypes.h>
| #endif
| #ifdef HAVE_STDINT_H
| # include <stdint.h>
| #endif
| #ifdef HAVE_UNISTD_H
| # include <unistd.h>
| #endif
| int
| main ()
| {
| if (sizeof ((pid_t)))
| 	    return 0;
|   ;
|   return 0;
| }
configure:4133: result: yes
configure:4144: checking for size_t
configure:4144: gcc -c -g -O2  conftest.c >&5
configure:4144: $? = 0
configure:4144: gcc -c -g -O2  conftest.c >&5
conftest.c: In function 'main':
conftest.c:71:21: error: expected expression before ')' token
   71 | if (sizeof ((size_t)))
      |                     ^
configure:4144: $? = 1
configure: failed program was:
| /* confdefs.h */
| #define PACKAGE_NAME "mastik"
| #define PACKAGE_TARNAME "mastik"
| #define PACKAGE_VERSION "0.1"
| #define PACKAGE_STRING "mastik 0.1"
| #define PACKAGE_BUGREPORT "yval@cs.adelaide.edu.au"
| #define PACKAGE_URL ""
| #define STDC_HEADERS 1
| #define HAVE_SYS_TYPES_H 1
| #define HAVE_SYS_STAT_H 1
| #define HAVE_STDLIB_H 1
| #define HAVE_STRING_H 1
| #define HAVE_MEMORY_H 1
| #define HAVE_STRINGS_H 1
| #define HAVE_INTTYPES_H 1
| #define HAVE_STDINT_H 1
| #define HAVE_UNISTD_H 1
| #define HAVE_FCNTL_H 1
| #define HAVE_STDINT_H 1
| #define HAVE_STDLIB_H 1
| #define HAVE_STRING_H 1
| #define HAVE_STRINGS_H 1
| #define HAVE_UNISTD_H 1
| #define HAVE_SCHED_H 1
| #define HAVE_SYS_PRCTL_H 1
| #define HAVE_BFD_H 1
| #define HAVE_LIBBFD 1
| #define HAVE_LIBELF 1
| #define HAVE_SYMBOLS 1
| #define HAVE_LIBDWARF 1
| #define HAVE_LIBDWARF_LIBDWARF_H 1
| #define HAVE_DEBUG_SYMBOLS 1
| #define HAVE_DWARF 1
| /* end confdefs.h.  */
| #include <stdio.h>
| #ifdef HAVE_SYS_TYPES_H
| # include <sys/types.h>
| #endif
| #ifdef HAVE_SYS_STAT_H
| # include <sys/stat.h>
| #endif
| #ifdef STDC_HEADERS
| # include <stdlib.h>
| # include <stddef.h>
| #else
| # ifdef HAVE_STDLIB_H
| #  include <stdlib.h>
| # endif
| #endif
| #ifdef HAVE_STRING_H
| # if !defined STDC_HEADERS && defined HAVE_MEMORY_H
| #  include <memory.h>
| # endif
| # include <string.h>
| #endif
| #ifdef HAVE_STRINGS_H
| # include <strings.h>
| #endif
| #ifdef HAVE_INTTYPES_H
| # include <inttypes.h>
| #endif
| #ifdef HAVE_STDINT_H
| # include <stdint.h>
| #endif
| #ifdef HAVE_UNISTD_H
| # include <unistd.h>
| #endif
| int
| main ()
| {
| if (sizeof ((size_t)))
| 	    return 0;
|   ;
|   return 0;
| }
configure:4144: result: yes
configure:4155: checking for uint16_t
configure:4155: gcc -c -g -O2  conftest.c >&5
configure:4155: $? = 0
configure:4155: result: yes
configure:4167: checking for uint32_t
configure:4167: gcc -c -g -O2  conftest.c >&5
configure:4167: $? = 0
configure:4167: result: yes
configure:4181: checking for uint64_t
configure:4181: gcc -c -g -O2  conftest.c >&5
configure:4181: $? = 0
configure:4181: result: yes
configure:4195: checking for uint8_t
configure:4195: gcc -c -g -O2  conftest.c >&5
configure:4195: $? = 0
configure:4195: result: yes
configure:4213: checking vfork.h usability
configure:4213: gcc -c -g -O2  conftest.c >&5
conftest.c:68:10: fatal error: vfork.h: No such file or directory
   68 | #include <vfork.h>
      |          ^~~~~~~~~
compilation terminated.
configure:4213: $? = 1
configure: failed program was:
| /* confdefs.h */
| #define PACKAGE_NAME "mastik"
| #define PACKAGE_TARNAME "mastik"
| #define PACKAGE_VERSION "0.1"
| #define PACKAGE_STRING "mastik 0.1"
| #define PACKAGE_BUGREPORT "yval@cs.adelaide.edu.au"
| #define PACKAGE_URL ""
| #define STDC_HEADERS 1
| #define HAVE_SYS_TYPES_H 1
| #define HAVE_SYS_STAT_H 1
| #define HAVE_STDLIB_H 1
| #define HAVE_STRING_H 1
| #define HAVE_MEMORY_H 1
| #define HAVE_STRINGS_H 1
| #define HAVE_INTTYPES_H 1
| #define HAVE_STDINT_H 1
| #define HAVE_UNISTD_H 1
| #define HAVE_FCNTL_H 1
| #define HAVE_STDINT_H 1
| #define HAVE_STDLIB_H 1
| #define HAVE_STRING_H 1
| #define HAVE_STRINGS_H 1
| #define HAVE_UNISTD_H 1
| #define HAVE_SCHED_H 1
| #define HAVE_SYS_PRCTL_H 1
| #define HAVE_BFD_H 1
| #define HAVE_LIBBFD 1
| #define HAVE_LIBELF 1
| #define HAVE_SYMBOLS 1
| #define HAVE_LIBDWARF 1
| #define HAVE_LIBDWARF_LIBDWARF_H 1
| #define HAVE_DEBUG_SYMBOLS 1
| #define HAVE_DWARF 1
| /* end confdefs.h.  */
| #include <stdio.h>
| #ifdef HAVE_SYS_TYPES_H
| # include <sys/types.h>
| #endif
| #ifdef HAVE_SYS_STAT_H
| # include <sys/stat.h>
| #endif
| #ifdef STDC_HEADERS
| # include <stdlib.h>
| # include <stddef.h>
| #else
| # ifdef HAVE_STDLIB_H
| #  include <stdlib.h>
| # endif
| #endif
| #ifdef HAVE_STRING_H
| # if !defined STDC_HEADERS && defined HAVE_MEMORY_H
| #  include <memory.h>
| # endif
| # include <string.h>
| #endif
| #ifdef HAVE_STRINGS_H
| # include <strings.h>
| #endif
| #ifdef HAVE_INTTYPES_H
| # include <inttypes.h>
| #endif
| #ifdef HAVE_STDINT_H
| # include <stdint.h>
| #endif
| #ifdef HAVE_UNISTD_H
| # include <unistd.h>
| #endif
| #include <vfork.h>
configure:4213: result: no
configure:4213: checking vfork.h presence
configure:4213: gcc -E  conftest.c
conftest.c:35:10: fatal error: vfork.h: No such file or directory
   35 | #include <vfork.h>
      |          ^~~~~~~~~
compilation terminated.
configure:4213: $? = 1
configure: failed program was:
| /* confdefs.h */
| #define PACKAGE_NAME "mastik"
| #define PACKAGE_TARNAME "mastik"
| #define PACKAGE_VERSION "0.1"
| #define PACKAGE_STRING "mastik 0.1"
| #define PACKAGE_BUGREPORT "yval@cs.adelaide.edu.au"
| #define PACKAGE_URL ""
| #define STDC_HEADERS 1
| #define HAVE_SYS_TYPES_H 1
| #define HAVE_SYS_STAT_H 1
| #define HAVE_STDLIB_H 1
| #define HAVE_STRING_H 1
| #define HAVE_MEMORY_H 1
| #define HAVE_STRINGS_H 1
| #define HAVE_INTTYPES_H 1
| #define HAVE_STDINT_H 1
| #define HAVE_UNISTD_H 1
| #define HAVE_FCNTL_H 1
| #define HAVE_STDINT_H 1
| #define HAVE_STDLIB_H 1
| #define HAVE_STRING_H 1
| #define HAVE_STRINGS_H 1
| #define HAVE_UNISTD_H 1
| #define HAVE_SCHED_H 1
| #define HAVE_SYS_PRCTL_H 1
| #define HAVE_BFD_H 1
| #define HAVE_LIBBFD 1
| #define HAVE_LIBELF 1
| #define HAVE_SYMBOLS 1
| #define HAVE_LIBDWARF 1
| #define HAVE_LIBDWARF_LIBDWARF_H 1
| #define HAVE_DEBUG_SYMBOLS 1
| #define HAVE_DWARF 1
| /* end confdefs.h.  */
| #include <vfork.h>
configure:4213: result: no
configure:4213: checking for vfork.h
configure:4213: result: no
configure:4226: checking for fork
configure:4226: gcc -o conftest -g -O2   conftest.c -ldwarf -lelf -lbfd  >&5
conftest.c:58:6: warning: conflicting types for built-in function 'fork'; expected 'int(void)' [-Wbuiltin-declaration-mismatch]
   58 | char fork ();
      |      ^~~~
configure:4226: $? = 0
configure:4226: result: yes
configure:4226: checking for vfork
configure:4226: gcc -o conftest -g -O2   conftest.c -ldwarf -lelf -lbfd  >&5
configure:4226: $? = 0
configure:4226: result: yes
configure:4236: checking for working fork
configure:4258: gcc -o conftest -g -O2   conftest.c -ldwarf -lelf -lbfd  >&5
configure:4258: $? = 0
configure:4258: ./conftest
configure:4258: $? = 0
configure:4268: result: yes
configure:4289: checking for working vfork
configure:4399: result: yes
configure:4426: checking for stdlib.h
configure:4426: result: yes
configure:4436: checking for GNU libc compatible malloc
configure:4460: gcc -o conftest -g -O2   conftest.c -ldwarf -lelf -lbfd  >&5
configure:4460: $? = 0
configure:4460: ./conftest
configure:4460: $? = 0
configure:4470: result: yes
configure:4497: checking for stdlib.h
configure:4497: result: yes
configure:4497: checking for unistd.h
configure:4497: result: yes
configure:4497: checking for sys/param.h
configure:4497: gcc -c -g -O2  conftest.c >&5
configure:4497: $? = 0
configure:4497: result: yes
configure:4517: checking for getpagesize
configure:4517: gcc -o conftest -g -O2   conftest.c -ldwarf -lelf -lbfd  >&5
configure:4517: $? = 0
configure:4517: result: yes
configure:4526: checking for working mmap
configure:4673: gcc -o conftest -g -O2   conftest.c -ldwarf -lelf -lbfd  >&5
configure:4673: $? = 0
configure:4673: ./conftest
configure:4673: $? = 0
configure:4683: result: yes
configure:4694: checking for stdlib.h
configure:4694: result: yes
configure:4704: checking for GNU libc compatible realloc
configure:4728: gcc -o conftest -g -O2   conftest.c -ldwarf -lelf -lbfd  >&5
configure:4728: $? = 0
configure:4728: ./conftest
configure:4728: $? = 0
configure:4738: result: yes
configure:4762: checking for bzero
configure:4762: gcc -o conftest -g -O2   conftest.c -ldwarf -lelf -lbfd  >&5
conftest.c:71:6: warning: conflicting types for built-in function 'bzero'; expected 'void(void *, long unsigned int)' [-Wbuiltin-declaration-mismatch]
   71 | char bzero ();
      |      ^~~~~
configure:4762: $? = 0
configure:4762: result: yes
configure:4762: checking for memset
configure:4762: gcc -o conftest -g -O2   conftest.c -ldwarf -lelf -lbfd  >&5
conftest.c:72:6: warning: conflicting types for built-in function 'memset'; expected 'void *(void *, int,  long unsigned int)' [-Wbuiltin-declaration-mismatch]
   72 | char memset ();
      |      ^~~~~~
conftest.c:60:1: note: 'memset' is declared in header '<string.h>'
   59 | # include <limits.h>
   60 | #else
configure:4762: $? = 0
configure:4762: result: yes
configure:4762: checking for munmap
configure:4762: gcc -o conftest -g -O2   conftest.c -ldwarf -lelf -lbfd  >&5
configure:4762: $? = 0
configure:4762: result: yes
configure:4762: checking for strchr
configure:4762: gcc -o conftest -g -O2   conftest.c -ldwarf -lelf -lbfd  >&5
conftest.c:74:6: warning: conflicting types for built-in function 'strchr'; expected 'char *(const char *, int)' [-Wbuiltin-declaration-mismatch]
   74 | char strchr ();
      |      ^~~~~~
conftest.c:62:1: note: 'strchr' is declared in header '<string.h>'
   61 | # include <limits.h>
   62 | #else
configure:4762: $? = 0
configure:4762: result: yes
configure:4762: checking for strdup
configure:4762: gcc -o conftest -g -O2   conftest.c -ldwarf -lelf -lbfd  >&5
conftest.c:75:6: warning: conflicting types for built-in function 'strdup'; expected 'char *(const char *)' [-Wbuiltin-declaration-mismatch]
   75 | char strdup ();
      |      ^~~~~~
configure:4762: $? = 0
configure:4762: result: yes
configure:4762: checking for strtoul
configure:4762: gcc -o conftest -g -O2   conftest.c -ldwarf -lelf -lbfd  >&5
configure:4762: $? = 0
configure:4762: result: yes
configure:4762: checking for strtoull
configure:4762: gcc -o conftest -g -O2   conftest.c -ldwarf -lelf -lbfd  >&5
configure:4762: $? = 0
configure:4762: result: yes
configure:4762: checking for uname
configure:4762: gcc -o conftest -g -O2   conftest.c -ldwarf -lelf -lbfd  >&5
configure:4762: $? = 0
configure:4762: result: yes
configure:4774: checking for mmap64
configure:4774: gcc -o conftest -g -O2   conftest.c -ldwarf -lelf -lbfd  >&5
configure:4774: $? = 0
configure:4774: result: yes
configure:4774: checking for sched_setaffinity
configure:4774: gcc -o conftest -g -O2   conftest.c -ldwarf -lelf -lbfd  >&5
configure:4774: $? = 0
configure:4774: result: yes
configure:4922: creating ./config.status

## ---------------------- ##
## Running config.status. ##
## ---------------------- ##

This file was extended by mastik config.status 0.1, which was
generated by GNU Autoconf 2.69.  Invocation command line was

  CONFIG_FILES    = 
  CONFIG_HEADERS  = 
  CONFIG_LINKS    = 
  CONFIG_COMMANDS = 
  $ ./config.status 

on wrath

config.status:847: creating Makefile
config.status:847: creating mastik/Makefile
config.status:847: creating src/Makefile
config.status:847: creating bin/Makefile
config.status:847: creating demo/Makefile
config.status:847: creating tests/Makefile
config.status:847: creating tools/Makefile
config.status:847: creating tools/Doubloon/Makefile
config.status:847: creating src/config.h
config.status:1017: src/config.h is unchanged
config.status:847: creating demo/config.h
config.status:1017: demo/config.h is unchanged

## ---------------- ##
## Cache variables. ##
## ---------------- ##

ac_cv_c_compiler_gnu=yes
ac_cv_c_inline=inline
ac_cv_c_int16_t=yes
ac_cv_c_uint16_t=yes
ac_cv_c_uint32_t=yes
ac_cv_c_uint64_t=yes
ac_cv_c_uint8_t=yes
ac_cv_env_CC_set=
ac_cv_env_CC_value=
ac_cv_env_CFLAGS_set=
ac_cv_env_CFLAGS_value=
ac_cv_env_CPPFLAGS_set=
ac_cv_env_CPPFLAGS_value=
ac_cv_env_CPP_set=
ac_cv_env_CPP_value=
ac_cv_env_LDFLAGS_set=
ac_cv_env_LDFLAGS_value=
ac_cv_env_LIBS_set=
ac_cv_env_LIBS_value=
ac_cv_env_build_alias_set=
ac_cv_env_build_alias_value=
ac_cv_env_host_alias_set=
ac_cv_env_host_alias_value=
ac_cv_env_target_alias_set=
ac_cv_env_target_alias_value=
ac_cv_func_bzero=yes
ac_cv_func_fork=yes
ac_cv_func_fork_works=yes
ac_cv_func_getpagesize=yes
ac_cv_func_malloc_0_nonnull=yes
ac_cv_func_memset=yes
ac_cv_func_mmap64=yes
ac_cv_func_mmap_fixed_mapped=yes
ac_cv_func_munmap=yes
ac_cv_func_realloc_0_nonnull=yes
ac_cv_func_sched_setaffinity=yes
ac_cv_func_strchr=yes
ac_cv_func_strdup=yes
ac_cv_func_strtoul=yes
ac_cv_func_strtoull=yes
ac_cv_func_uname=yes
ac_cv_func_vfork=yes
ac_cv_func_vfork_works=yes
ac_cv_header_bfd_h=yes
ac_cv_header_fcntl_h=yes
ac_cv_header_inttypes_h=yes
ac_cv_header_libdwarf_h=no
ac_cv_header_libdwarf_libdwarf_h=yes
ac_cv_header_mach_o_loader_h=no
ac_cv_header_memory_h=yes
ac_cv_header_sched_h=yes
ac_cv_header_stdc=yes
ac_cv_header_stdint_h=yes
ac_cv_header_stdlib_h=yes
ac_cv_header_string_h=yes
ac_cv_header_strings_h=yes
ac_cv_header_sys_param_h=yes
ac_cv_header_sys_prctl_h=yes
ac_cv_header_sys_stat_h=yes
ac_cv_header_sys_types_h=yes
ac_cv_header_unistd_h=yes
ac_cv_header_vfork_h=no
ac_cv_lib_bfd_bfd_init=yes
ac_cv_lib_dwarf_dwarf_init=yes
ac_cv_lib_elf_elf_version=yes
ac_cv_objext=o
ac_cv_path_EGREP='/bin/grep -E'
ac_cv_path_GREP=/bin/grep
ac_cv_path_PYTHON=/usr/bin/python3
ac_cv_path_UNAME=/bin/uname
ac_cv_prog_CPP='gcc -E'
ac_cv_prog_PYTHON=python3
ac_cv_prog_ac_ct_CC=gcc
ac_cv_prog_cc_c89=
ac_cv_prog_cc_c99=
ac_cv_prog_cc_g=yes
ac_cv_type_pid_t=yes
ac_cv_type_size_t=yes

## ----------------- ##
## Output variables. ##
## ----------------- ##

CC='gcc'
CFLAGS='-g -O2  '
CPP='gcc -E'
CPPFLAGS=''
DEFS='-DHAVE_CONFIG_H'
DOUBLOON_EXPERIMENTAL='False'
DOUBLOON_HAVE_DWARF='True'
DOUBLOON_TEXTBOX_HEIGHT='30'
ECHO_C=''
ECHO_N='-n'
ECHO_T=''
EGREP='/bin/grep -E'
EXEEXT=''
GREP='/bin/grep'
LDFLAGS=''
LIBOBJS=''
LIBS='-ldwarf -lelf -lbfd '
LTLIBOBJS=''
OBJEXT='o'
PACKAGE_BUGREPORT='yval@cs.adelaide.edu.au'
PACKAGE_NAME='mastik'
PACKAGE_STRING='mastik 0.1'
PACKAGE_TARNAME='mastik'
PACKAGE_URL=''
PACKAGE_VERSION='0.1'
PATH_SEPARATOR=':'
PYTHON='/usr/bin/python3'
SHELL='/bin/bash'
SYMBOL_SRCS='symbol_bfd.c'
TOOLS=' Doubloon'
UNAME='/bin/uname'
ac_ct_CC='gcc'
bindir='${exec_prefix}/bin'
build_alias=''
datadir='${datarootdir}'
datarootdir='${prefix}/share'
docdir='${datarootdir}/doc/${PACKAGE_TARNAME}'
dvidir='${docdir}'
exec_prefix='${prefix}'
host_alias=''
htmldir='${docdir}'
includedir='${prefix}/include'
infodir='${datarootdir}/info'
libdir='${exec_prefix}/lib'
libexecdir='${exec_prefix}/libexec'
localedir='${datarootdir}/locale'
localstatedir='${prefix}/var'
mandir='${datarootdir}/man'
oldincludedir='/usr/include'
pdfdir='${docdir}'
prefix='/usr/local'
program_transform_name='s,x,x,'
psdir='${docdir}'
sbindir='${exec_prefix}/sbin'
sharedstatedir='${prefix}/com'
sysconfdir='${prefix}/etc'
target_alias=''

## ----------- ##
## confdefs.h. ##
## ----------- ##

/* confdefs.h */
#define PACKAGE_NAME "mastik"
#define PACKAGE_TARNAME "mastik"
#define PACKAGE_VERSION "0.1"
#define PACKAGE_STRING "mastik 0.1"
#define PACKAGE_BUGREPORT "yval@cs.adelaide.edu.au"
#define PACKAGE_URL ""
#define STDC_HEADERS 1
#define HAVE_SYS_TYPES_H 1
#define HAVE_SYS_STAT_H 1
#define HAVE_STDLIB_H 1
#define HAVE_STRING_H 1
#define HAVE_MEMORY_H 1
#define HAVE_STRINGS_H 1
#define HAVE_INTTYPES_H 1
#define HAVE_STDINT_H 1
#define HAVE_UNISTD_H 1
#define HAVE_FCNTL_H 1
#define HAVE_STDINT_H 1
#define HAVE_STDLIB_H 1
#define HAVE_STRING_H 1
#define HAVE_STRINGS_H 1
#define HAVE_UNISTD_H 1
#define HAVE_SCHED_H 1
#define HAVE_SYS_PRCTL_H 1
#define HAVE_BFD_H 1
#define HAVE_LIBBFD 1
#define HAVE_LIBELF 1
#define HAVE_SYMBOLS 1
#define HAVE_LIBDWARF 1
#define HAVE_LIBDWARF_LIBDWARF_H 1
#define HAVE_DEBUG_SYMBOLS 1
#define HAVE_DWARF 1
#define HAVE_FORK 1
#define HAVE_VFORK 1
#define HAVE_WORKING_VFORK 1
#define HAVE_WORKING_FORK 1
#define HAVE_STDLIB_H 1
#define HAVE_MALLOC 1
#define HAVE_STDLIB_H 1
#define HAVE_UNISTD_H 1
#define HAVE_SYS_PARAM_H 1
#define HAVE_GETPAGESIZE 1
#define HAVE_MMAP 1
#define HAVE_STDLIB_H 1
#define HAVE_REALLOC 1
#define HAVE_BZERO 1
#define HAVE_MEMSET 1
#define HAVE_MUNMAP 1
#define HAVE_STRCHR 1
#define HAVE_STRDUP 1
#define HAVE_STRTOUL 1
#define HAVE_STRTOULL 1
#define HAVE_UNAME 1
#define HAVE_MMAP64 1
#define HAVE_SCHED_SETAFFINITY 1

configure: exit 0
